Watts 161 20150729001712
Watts 145 20150729001812
Watts 258 20150729002736
Watts 242 20150729002748
Watts 225 20150729002812
Watts 274 20150729002900
Watts 225 20150729002936
Watts 242 20150729003112
Watts 225 20150729003212
Watts 242 20150729003412
Watts 225 20150729003512
Watts 242 20150729003612
Watts 225 20150729003712
Watts 242 20150729004112
Watts 225 20150729004212
Watts 242 20150729004312
Watts 225 20150729004412
Watts 145 20150729005612
Watts 161 20150729012512
Watts 145 20150729012712
Watts 161 20150729015512
Watts 145 20150729015712
Watts 258 20150729020300
Watts 242 20150729020312
Watts 225 20150729020412
Watts 242 20150729020512
Watts 225 20150729020712
Watts 242 20150729020812
Watts 225 20150729020912
Watts 242 20150729021212
Watts 225 20150729021312
Watts 145 20150729023024
Watts 161 20150729025012
Watts 145 20150729025112
Watts 161 20150729030312
Watts 145 20150729030412
Watts 161 20150729030512
Watts 145 20150729030712
Watts 161 20150729030812
Watts 145 20150729030912
Watts 161 20150729031012
Watts 145 20150729031112
Watts 242 20150729034024
Watts 225 20150729034036
Watts 242 20150729034312
Watts 225 20150729034412
Watts 242 20150729034512
Watts 225 20150729034612
Watts 242 20150729034812
Watts 225 20150729034912
Watts 242 20150729035012
Watts 225 20150729035112
Watts 161 20150729035448
Watts 177 20150729035812
Watts 161 20150729035912
Watts 145 20150729040812
Watts 161 20150729041312
Watts 145 20150729041412
Watts 177 20150729041612
Watts 145 20150729041812
Watts 161 20150729042112
Watts 145 20150729042312
Watts 161 20150729043112
Watts 145 20150729043212
Watts 161 20150729044912
Watts 145 20150729045112
Watts 161 20150729050012
Watts 225 20150729050024
Watts 145 20150729050600
Watts 161 20150729051512
Watts 145 20150729051612
Watts 242 20150729051724
Watts 225 20150729051736
Watts 161 20150729052212
Watts 177 20150729052512
Watts 161 20150729052612
Watts 177 20150729053512
Watts 161 20150729053612
Watts 145 20150729054512
Watts 161 20150729054612
Watts 145 20150729054712
Watts 644 20150729055300
Watts 145 20150729055312
Watts 161 20150729055512
Watts 145 20150729055612
Watts 161 20150729060012
Watts 209 20150729060400
Watts 242 20150729060412
Watts 225 20150729060612
Watts 370 20150729061212
Watts 338 20150729061312
Watts 290 20150729061412
Watts 354 20150729061424
Watts 338 20150729061436
Watts 354 20150729061500
Watts 242 20150729061536
Watts 225 20150729061548
Watts 274 20150729061936
Watts 242 20150729062036
Watts 225 20150729062048
Watts 370 20150729062312
Watts 145 20150729062648
Watts 161 20150729062700
Watts 209 20150729062724
Watts 177 20150729062736
Watts 161 20150729062748
Watts 209 20150729062800
Watts 161 20150729062824
Watts 177 20150729062912
Watts 1401 20150729062924
Watts 1465 20150729062936
Watts 225 20150729063112
Watts 274 20150729063400
Watts 225 20150729063412
Watts 161 20150729063424
Watts 209 20150729063936
Watts 290 20150729064148
Watts 242 20150729064200
Watts 225 20150729064212
Watts 242 20150729064312
Watts 225 20150729064412
Watts 177 20150729064524
Watts 258 20150729065136
Watts 451 20150729065524
Watts 419 20150729065548
Watts 258 20150729065648
Watts 306 20150729065848
Watts 225 20150729065948
Watts 177 20150729070136
Watts 209 20150729070236
Watts 177 20150729070300
Watts 209 20150729070348
Watts 354 20150729070400
Watts 161 20150729070412
Watts 177 20150729070712
Watts 161 20150729070912
Watts 177 20150729071012
Watts 242 20150729071112
Watts 145 20150729071248
Watts 161 20150729071300
Watts 145 20150729071312
Watts 161 20150729071412
Watts 145 20150729071612
Watts 161 20150729071712
Watts 145 20150729072112
Watts 225 20150729072500
Watts 242 20150729072512
Watts 161 20150729072612
Watts 145 20150729072624
Watts 161 20150729072812
Watts 145 20150729073012
Watts 209 20150729080848
Watts 177 20150729080900
Watts 161 20150729080912
Watts 177 20150729081612
Watts 161 20150729081712
Watts 177 20150729082912
Watts 161 20150729083013
Watts 145 20150729083512
Watts 242 20150729084012
Watts 225 20150729084024
Watts 370 20150729084101
Watts 225 20150729084112
Watts 242 20150729084212
Watts 225 20150729084312
Watts 242 20150729084412
Watts 306 20150729084512
Watts 354 20150729084524
Watts 290 20150729084600
Watts 370 20150729084612
Watts 338 20150729084625
Watts 290 20150729084700
Watts 338 20150729084712
Watts 290 20150729084736
Watts 225 20150729084748
Watts 242 20150729084800
Watts 225 20150729084813
Watts 354 20150729085100
Watts 338 20150729085112
Watts 225 20150729085136
Watts 145 20150729085500
Watts 177 20150729085812
Watts 145 20150729085848
Watts 306 20150729090136
Watts 145 20150729090148
Watts 596 20150729090300
Watts 1401 20150729090312
Watts 2512 20150729090324
Watts 1288 20150729090336
Watts 1353 20150729090348
Watts 2512 20150729090400
Watts 2496 20150729090412
Watts 1288 20150729090512
Watts 2480 20150729090548
Watts 1369 20150729090600
Watts 145 20150729090648
Watts 177 20150729090848
Watts 145 20150729090912
Watts 177 20150729091824
Watts 145 20150729091836
Watts 258 20150729092000
Watts 242 20150729092012
Watts 225 20150729092212
Watts 242 20150729092312
Watts 161 20150729092400
Watts 242 20150729092824
Watts 354 20150729092848
Watts 419 20150729093148
Watts 354 20150729093248
Watts 451 20150729093324
Watts 548 20150729093512
Watts 451 20150729093524
Watts 354 20150729093712
Watts 515 20150729094136
Watts 435 20150729094148
Watts 338 20150729094424
Watts 354 20150729094512
Watts 338 20150729094712
Watts 354 20150729095012
Watts 338 20150729095113
Watts 354 20150729095212
Watts 483 20150729095236
Watts 419 20150729095324
Watts 354 20150729095336
Watts 338 20150729095348
Watts 242 20150729095412
Watts 161 20150729095548
Watts 145 20150729095600
Watts 161 20150729095612
Watts 145 20150729095712
Watts 258 20150729103949
Watts 242 20150729104000
Watts 225 20150729104012
Watts 161 20150729105436
Watts 145 20150729110812
Watts 258 20150729120049
Watts 242 20150729120100
Watts 225 20150729120312
Watts 242 20150729120412
Watts 225 20150729120512
Watts 274 20150729120700
Watts 225 20150729120736
Watts 338 20150729120748
Watts 467 20150729120836
Watts 338 20150729120848
Watts 225 20150729120900
Watts 161 20150729121224
Watts 274 20150729121548
Watts 161 20150729121612
Watts 1304 20150729121836
Watts 1353 20150729122048
Watts 1304 20150729122100
Watts 1417 20150729122400
Watts 1304 20150729122436
Watts 1240 20150729123224
Watts 531 20150729123624
Watts 580 20150729124200
Watts 596 20150729124612
Watts 580 20150729124712
Watts 612 20150729125536
Watts 628 20150729125612
Watts 644 20150729130712
Watts 612 20150729130900
Watts 628 20150729130913
Watts 612 20150729131012
Watts 628 20150729131912
Watts 644 20150729132012
Watts 628 20150729132112
Watts 225 20150729132124
Watts 209 20150729132312
Watts 225 20150729132412
Watts 209 20150729132612
Watts 290 20150729132736
Watts 274 20150729132812
Watts 290 20150729133112
Watts 258 20150729133336
Watts 242 20150729133412
Watts 258 20150729133512
Watts 242 20150729133613
Watts 258 20150729133712
Watts 242 20150729133813
Watts 225 20150729134112
Watts 242 20150729134513
Watts 225 20150729134812
Watts 242 20150729135012
Watts 225 20150729135524
Watts 209 20150729135613
Watts 145 20150729135836
Watts 177 20150729140100
Watts 209 20150729140212
Watts 177 20150729140224
Watts 258 20150729140236
Watts 354 20150729140300
Watts 370 20150729140313
Watts 258 20150729140336
Watts 177 20150729140412
Watts 209 20150729140448
Watts 177 20150729140513
Watts 209 20150729140524
Watts 177 20150729140624
Watts 209 20150729140649
Watts 177 20150729140701
Watts 209 20150729140736
Watts 177 20150729140748
Watts 209 20150729140837
Watts 177 20150729140900
Watts 209 20150729140924
Watts 177 20150729141000
Watts 209 20150729141012
Watts 177 20150729141025
Watts 209 20150729141037
Watts 177 20150729141124
Watts 209 20150729141136
Watts 177 20150729141225
Watts 209 20150729141300
Watts 161 20150729141348
Watts 177 20150729141401
Watts 209 20150729141424
Watts 161 20150729141448
Watts 177 20150729141500
Watts 209 20150729141524
Watts 177 20150729141549
Watts 209 20150729141601
Watts 225 20150729141612
Watts 161 20150729141700
Watts 1353 20150729142036
Watts 1304 20150729142048
Watts 1288 20150729142212
Watts 853 20150729142248
Watts 596 20150729142712
Watts 435 20150729142924
Watts 451 20150729143112
Watts 515 20150729143612
Watts 499 20150729143624
Watts 628 20150729143648
Watts 515 20150729143700
Watts 467 20150729145149
Watts 209 20150729145436
Watts 225 20150729145512
Watts 209 20150729145612
Watts 177 20150729145624
Watts 209 20150729145636
Watts 177 20150729145700
Watts 209 20150729145736
Watts 177 20150729145800
Watts 209 20150729145812
Watts 177 20150729145848
Watts 209 20150729145924
Watts 177 20150729150112
Watts 209 20150729150124
Watts 177 20150729150224
Watts 209 20150729150237
Watts 177 20150729150249
Watts 209 20150729150324
Watts 177 20150729150412
Watts 161 20150729150512
Watts 177 20150729150612
Watts 161 20150729150712
Watts 177 20150729151713
Watts 209 20150729151812
Watts 177 20150729151824
Watts 209 20150729152136
Watts 161 20150729152148
Watts 209 20150729152200
Watts 177 20150729152212
Watts 161 20150729152225
Watts 209 20150729152312
Watts 177 20150729152324
Watts 161 20150729152413
Watts 177 20150729152613
Watts 209 20150729152624
Watts 177 20150729152648
Watts 145 20150729152824
Watts 209 20150729153312
Watts 177 20150729153325
Watts 209 20150729153348
Watts 177 20150729153412
Watts 209 20150729153424
Watts 274 20150729153513
Watts 209 20150729153524
Watts 177 20150729153736
Watts 209 20150729153800
Watts 177 20150729153849
Watts 209 20150729153900
Watts 177 20150729154124
Watts 209 20150729154136
Watts 177 20150729154200
Watts 209 20150729154213
Watts 177 20150729154236
Watts 209 20150729154312
Watts 177 20150729154324
Watts 209 20150729154336
Watts 177 20150729154401
Watts 274 20150729154413
Watts 209 20150729154424
Watts 177 20150729154448
Watts 209 20150729154612
Watts 177 20150729154624
Watts 209 20150729154700
Watts 177 20150729154724
Watts 209 20150729154749
Watts 177 20150729154800
Watts 209 20150729154824
Watts 177 20150729154836
Watts 209 20150729154912
Watts 177 20150729154937
Watts 209 20150729154948
Watts 177 20150729155048
Watts 209 20150729155100
Watts 177 20150729155113
Watts 209 20150729155125
Watts 177 20150729155212
Watts 274 20150729155300
Watts 209 20150729155400
Watts 177 20150729155412
Watts 209 20150729155501
Watts 177 20150729155524
Watts 209 20150729155600
Watts 290 20150729155612
Watts 306 20150729155624
Watts 258 20150729155649
Watts 419 20150729155712
Watts 548 20150729155912
Watts 596 20150729155924
Watts 419 20150729155936
Watts 370 20150729155948
Watts 274 20150729160136
Watts 258 20150729160148
Watts 274 20150729160213
Watts 258 20150729160312
Watts 274 20150729160512
Watts 258 20150729160612
Watts 225 20150729160712
Watts 290 20150729160848
Watts 403 20150729160900
Watts 419 20150729161012
Watts 403 20150729161136
Watts 435 20150729161148
Watts 370 20150729161200
Watts 435 20150729161212
Watts 419 20150729161224
Watts 451 20150729161301
Watts 435 20150729161312
Watts 419 20150729162412
Watts 370 20150729162500
Watts 435 20150729162512
Watts 403 20150729162700
Watts 419 20150729162712
Watts 435 20150729162812
Watts 370 20150729162824
Watts 435 20150729162836
Watts 338 20150729162848
Watts 354 20150729162900
Watts 290 20150729163336
Watts 354 20150729163348
Watts 419 20150729163400
Watts 403 20150729163412
Watts 370 20150729163512
Watts 403 20150729163524
Watts 338 20150729163600
Watts 403 20150729163612
Watts 354 20150729163848
Watts 403 20150729163900
Watts 370 20150729164137
Watts 354 20150729164149
Watts 403 20150729164200
Watts 354 20150729164300
Watts 403 20150729164337
Watts 354 20150729164400
Watts 338 20150729164412
Watts 403 20150729164500
Watts 354 20150729164525
Watts 403 20150729164536
Watts 354 20150729164548
Watts 338 20150729164612
Watts 403 20150729164713
Watts 370 20150729164724
Watts 290 20150729164748
Watts 403 20150729164800
Watts 354 20150729164824
Watts 403 20150729164948
Watts 370 20150729165036
Watts 403 20150729165049
Watts 483 20150729165300
Watts 467 20150729165312
Watts 403 20150729165412
Watts 370 20150729170212
Watts 403 20150729170224
Watts 354 20150729170348
Watts 370 20150729170400
Watts 403 20150729170412
Watts 499 20150729170424
Watts 483 20150729170436
Watts 467 20150729170513
Watts 435 20150729170536
Watts 451 20150729170812
Watts 483 20150729170836
Watts 435 20150729170924
Watts 467 20150729170936
Watts 435 20150729171212
Watts 483 20150729171225
Watts 467 20150729171236
Watts 435 20150729171312
Watts 403 20150729171324
Watts 515 20150729171336
Watts 612 20150729171348
Watts 515 20150729171400
Watts 499 20150729171413
Watts 596 20150729171424
Watts 644 20150729171524
Watts 531 20150729171548
Watts 499 20150729172012
Watts 531 20150729172024
Watts 644 20150729172036
Watts 531 20150729172048
Watts 483 20150729172248
Watts 531 20150729172300
Watts 676 20150729172501
Watts 515 20150729172512
Watts 531 20150729172524
Watts 660 20150729172700
Watts 531 20150729172712
Watts 435 20150729172837
Watts 451 20150729173112
Watts 435 20150729173213
Watts 370 20150729173236
Watts 435 20150729173248
Watts 370 20150729173300
Watts 338 20150729173312
Watts 354 20150729173324
Watts 306 20150729173336
Watts 338 20150729173348
Watts 290 20150729173412
Watts 354 20150729173424
Watts 338 20150729173436
Watts 290 20150729173536
Watts 338 20150729173549
Watts 354 20150729173612
Watts 338 20150729173712
Watts 370 20150729173737
Watts 338 20150729173748
Watts 467 20150729173948
Watts 451 20150729174312
Watts 419 20150729174336
Watts 403 20150729174512
Watts 370 20150729174825
Watts 403 20150729174836
Watts 290 20150729175013
Watts 258 20150729175725
Watts 290 20150729175736
Watts 274 20150729180113
Watts 306 20150729180124
Watts 290 20150729180136
Watts 306 20150729180212
Watts 274 20150729180301
Watts 306 20150729180312
Watts 290 20150729180324
Watts 354 20150729180548
Watts 290 20150729180612
Watts 258 20150729180712
Watts 274 20150729180736
Watts 1159 20150729180836
Watts 354 20150729180848
Watts 290 20150729180936
Watts 354 20150729181001
Watts 306 20150729181124
Watts 354 20150729181136
Watts 419 20150729181236
Watts 435 20150729181248
Watts 354 20150729181448
Watts 435 20150729181548
Watts 403 20150729181636
Watts 435 20150729181648
Watts 515 20150729181924
Watts 531 20150729181948
Watts 596 20150729182036
Watts 531 20150729182049
Watts 467 20150729182237
Watts 531 20150729182249
Watts 499 20150729182437
Watts 354 20150729182500
Watts 370 20150729182536
Watts 354 20150729182613
Watts 467 20150729182636
Watts 370 20150729182648
Watts 354 20150729182700
Watts 242 20150729182900
Watts 225 20150729183312
Watts 242 20150729183513
Watts 225 20150729183612
Watts 274 20150729183701
Watts 242 20150729183812
Watts 274 20150729183824
Watts 242 20150729183836
Watts 274 20150729183924
Watts 242 20150729183948
Watts 225 20150729184012
Watts 274 20150729184049
Watts 258 20150729184100
Watts 274 20150729184112
Watts 242 20150729184225
Watts 225 20150729184237
Watts 242 20150729184312
Watts 225 20150729184524
Watts 274 20150729184749
Watts 258 20150729184912
Watts 274 20150729185012
Watts 209 20150729185636
Watts 177 20150729185701
Watts 209 20150729185712
Watts 177 20150729185724
Watts 209 20150729185736
Watts 177 20150729185812
Watts 209 20150729185824
Watts 177 20150729190037
Watts 209 20150729190100
Watts 177 20150729190112
Watts 209 20150729190124
Watts 177 20150729190136
Watts 209 20150729190200
Watts 177 20150729190213
Watts 209 20150729190300
Watts 177 20150729190312
Watts 209 20150729190436
Watts 177 20150729190448
Watts 209 20150729190700
Watts 177 20150729190812
Watts 209 20150729190900
Watts 177 20150729190912
Watts 209 20150729191024
Watts 177 20150729191136
Watts 209 20150729191148
Watts 177 20150729191212
Watts 209 20150729191324
Watts 177 20150729191412
Watts 209 20150729191424
Watts 177 20150729191436
Watts 209 20150729191449
Watts 177 20150729191512
Watts 209 20150729191612
Watts 177 20150729191637
Watts 209 20150729191700
Watts 177 20150729191724
Watts 242 20150729193348
Watts 225 20150729193400
Watts 274 20150729194500
Watts 209 20150729200012
Watts 177 20150729200736
Watts 209 20150729200800
Watts 177 20150729200836
Watts 209 20150729200901
Watts 177 20150729200924
Watts 209 20150729200936
Watts 145 20150729201324
Watts 225 20150729201524
Watts 274 20150729202236
Watts 290 20150729202248
Watts 306 20150729202313
Watts 338 20150729202501
Watts 306 20150729202524
Watts 290 20150729202612
Watts 419 20150729202636
Watts 242 20150729202649
Watts 2077 20150729202824
Watts 2045 20150729202837
Watts 2029 20150729202912
Watts 2061 20150729203037
Watts 1240 20150729203236
Watts 1063 20150729203300
Watts 902 20150729203312
Watts 934 20150729203324
Watts 950 20150729203336
Watts 918 20150729203401
Watts 1079 20150729203424
Watts 1063 20150729203436
Watts 982 20150729203448
Watts 1047 20150729203512
Watts 1369 20150729203848
Watts 1272 20150729203900
Watts 1063 20150729203912
Watts 1385 20150729203925
Watts 1417 20150729203937
Watts 1385 20150729203948
Watts 1047 20150729204000
Watts 1449 20150729204012
Watts 1433 20150729204024
Watts 1272 20150729204036
Watts 870 20150729204048
Watts 1417 20150729204100
Watts 1353 20150729204125
Watts 853 20150729204136
Watts 1385 20150729204148
Watts 1578 20150729204212
Watts 1176 20150729204224
Watts 1643 20150729204248
Watts 1610 20150729204301
Watts 950 20150729204313
Watts 1417 20150729204348
Watts 1369 20150729204449
Watts 709 20150729204548
Watts 692 20150729204612
Watts 1111 20150729204624
Watts 1047 20150729204649
Watts 709 20150729204700
Watts 982 20150729204712
Watts 709 20150729204724
Watts 1031 20150729204736
Watts 709 20150729204748
Watts 1063 20150729204800
Watts 580 20150729204812
Watts 531 20150729204837
Watts 1079 20150729204848
Watts 531 20150729204900
Watts 902 20150729204912
Watts 531 20150729204924
Watts 1063 20150729205000
Watts 612 20150729205013
Watts 1159 20150729205025
Watts 354 20150729205100
Watts 1031 20150729205112
Watts 370 20150729205148
Watts 853 20150729205201
Watts 870 20150729205213
Watts 370 20150729205224
Watts 435 20150729205236
Watts 709 20150729205349
Watts 499 20150729205424
Watts 515 20150729205436
Watts 354 20150729205624
Watts 676 20150729205636
Watts 644 20150729205648
Watts 853 20150729205712
Watts 1176 20150729205748
Watts 354 20150729205800
Watts 934 20150729205812
Watts 354 20150729205824
Watts 966 20150729205836
Watts 354 20150729205848
Watts 902 20150729205900
Watts 354 20150729205912
Watts 902 20150729205925
Watts 1111 20150729205948
Watts 934 20150729210012
Watts 354 20150729210024
Watts 1079 20150729210036
Watts 1111 20150729210101
Watts 902 20150729210124
Watts 370 20150729210136
Watts 870 20150729210148
Watts 966 20150729210200
Watts 918 20150729210212
Watts 435 20150729210236
Watts 483 20150729210301
Watts 531 20150729210312
Watts 548 20150729210324
Watts 628 20150729210348
Watts 644 20150729210400
Watts 628 20150729210412
Watts 515 20150729210512
Watts 338 20150729210524
Watts 354 20150729210600
Watts 660 20150729210612
Watts 354 20150729210625
Watts 580 20150729210637
Watts 403 20150729210648
Watts 837 20150729210700
Watts 370 20150729210712
Watts 1079 20150729210836
Watts 1240 20150729210848
Watts 934 20150729210900
Watts 1304 20150729210912
Watts 435 20150729210924
Watts 1111 20150729211001
Watts 435 20150729211013
Watts 982 20150729211024
Watts 435 20150729211100
Watts 499 20150729211124
Watts 1047 20150729211149
Watts 612 20150729211201
Watts 660 20150729211224
Watts 676 20150729211236
Watts 580 20150729211300
Watts 451 20150729211312
Watts 483 20150729211337
Watts 515 20150729211349
Watts 531 20150729211400
Watts 483 20150729211412
Watts 274 20150729211512
Watts 515 20150729211537
Watts 419 20150729211548
Watts 548 20150729211600
Watts 483 20150729211612
Watts 274 20150729212000
Watts 290 20150729212012
Watts 499 20150729212024
Watts 290 20150729212036
Watts 274 20150729212049
Watts 580 20150729212101
Watts 274 20150729212124
Watts 258 20150729212312
Watts 274 20150729212613
Watts 258 20150729212813
Watts 274 20150729213612
Watts 258 20150729213713
Watts 290 20150729214412
Watts 274 20150729214425
Watts 354 20150729214437
Watts 338 20150729214448
Watts 451 20150729214500
Watts 370 20150729214512
Watts 403 20150729214524
Watts 2415 20150729214600
Watts 2464 20150729214613
Watts 2576 20150729214648
Watts 2528 20150729214712
Watts 2512 20150729214801
Watts 2576 20150729214813
Watts 3800 20150729214824
Watts 1820 20150729214900
Watts 886 20150729214924
Watts 1755 20150729214936
Watts 548 20150729215001
Watts 580 20150729215024
Watts 644 20150729215112
Watts 531 20150729215124
Watts 548 20150729215248
Watts 580 20150729215312
Watts 548 20150729215412
Watts 515 20150729215612
Watts 483 20150729215624
Watts 515 20150729215636
Watts 499 20150729215648
Watts 644 20150729215713
Watts 403 20150729215724
Watts 2383 20150729215748
Watts 2399 20150729215800
Watts 2383 20150729215812
Watts 2415 20150729215936
Watts 2496 20150729220000
Watts 2512 20150729220012
Watts 2528 20150729220413
Watts 580 20150729220648
Watts 499 20150729220724
Watts 467 20150729220749
Watts 483 20150729220812
Watts 628 20150729220848
Watts 499 20150729220900
Watts 467 20150729220912
Watts 435 20150729220924
Watts 467 20150729221100
Watts 403 20150729221200
Watts 419 20150729221313
Watts 403 20150729221612
Watts 338 20150729222012
Watts 419 20150729222025
Watts 370 20150729222200
Watts 403 20150729222213
Watts 419 20150729222225
Watts 370 20150729222248
Watts 306 20150729222324
Watts 338 20150729222348
Watts 306 20150729222401
Watts 370 20150729222536
Watts 403 20150729222549
Watts 354 20150729222601
Watts 370 20150729222612
Watts 354 20150729222712
Watts 370 20150729222812
Watts 306 20150729222948
Watts 338 20150729223000
Watts 306 20150729223048
Watts 338 20150729223148
Watts 370 20150729223200
Watts 419 20150729223212
Watts 403 20150729224013
Watts 419 20150729224312
Watts 403 20150729224412
Watts 419 20150729224612
Watts 306 20150729224648
Watts 354 20150729224700
Watts 467 20150729225724
Watts 451 20150729225736
Watts 435 20150729225813
Watts 467 20150729225900
Watts 435 20150729230013
Watts 451 20150729230024
Watts 435 20150729230412
Watts 451 20150729230713
Watts 435 20150729231112
Watts 451 20150729231312
Watts 435 20150729231912
Watts 451 20150729232012
Watts 354 20150729232124
Watts 370 20150729232713
Watts 306 20150729232800
Watts 354 20150729232812
Watts 403 20150729233024
Watts 354 20150729233037
Watts 403 20150729233112
Watts 370 20150729233124
Watts 435 20150729233148
Watts 419 20150729233312
Watts 499 20150729233324
Watts 467 20150729233348
Watts 403 20150729233425
Watts 370 20150729233448
Watts 354 20150729233500
Watts 419 20150729233536
Watts 354 20150729233548
Watts 435 20150729233700
Watts 419 20150729233749
Watts 451 20150729233801
Watts 467 20150729233812
Watts 419 20150729233836
Watts 435 20150729233924
Watts 419 20150729233949
Watts 435 20150729234000
Watts 451 20150729234112
Watts 419 20150729234412
Watts 370 20150729235124
Watts 419 20150729235148
Watts 403 20150729235213
Watts 419 20150729235312
Watts 370 20150729235448
Watts 403 20150729235512
Watts 354 20150729235536
Watts 419 20150729235549
Watts 403 20150729235612
Watts 435 20150729235700
Watts 419 20150729235900
