Watts 338 20150721225048
Watts 370 20150721225059
Watts 338 20150721225124
Watts 370 20150721225135
Watts 419 20150721225159
Watts 370 20150721225447
Watts 403 20150721225459
Watts 370 20150721225511
Watts 403 20150721225711
Watts 370 20150721225735
Watts 403 20150721225811
Watts 370 20150721225823
Watts 354 20150721225835
Watts 451 20150721225847
Watts 435 20150721225859
Watts 499 20150721230011
Watts 467 20150721230035
Watts 580 20150721230111
Watts 548 20150721230123
Watts 580 20150721230147
Watts 548 20150721230323
Watts 580 20150721230335
Watts 548 20150721230347
Watts 435 20150721230359
Watts 467 20150721230411
Watts 419 20150721230423
Watts 435 20150721230435
Watts 467 20150721230459
Watts 419 20150721230535
Watts 451 20150721230547
Watts 435 20150721230559
Watts 467 20150721230611
Watts 419 20150721230647
Watts 451 20150721230759
Watts 467 20150721230811
Watts 451 20150721230835
Watts 467 20150721230847
Watts 548 20150721230923
Watts 451 20150721230947
Watts 435 20150721230959
Watts 467 20150721231011
Watts 483 20150721231059
Watts 451 20150721231211
Watts 483 20150721231223
Watts 435 20150721231259
Watts 467 20150721231335
Watts 451 20150721231347
Watts 435 20150721231411
Watts 483 20150721231423
Watts 467 20150721231459
Watts 483 20150721231511
Watts 435 20150721231611
Watts 483 20150721231623
Watts 467 20150721231711
Watts 419 20150721231747
Watts 451 20150721231759
Watts 419 20150721231811
Watts 451 20150721231823
Watts 515 20150721231911
Watts 451 20150721231947
Watts 435 20150721232611
Watts 451 20150721232711
Watts 338 20150721233523
Watts 403 20150721233623
Watts 354 20150721234047
Watts 370 20150721234223
Watts 403 20150721234411
Watts 354 20150721234759
Watts 403 20150721234811
Watts 338 20150721234823
Watts 370 20150721234847
Watts 435 20150721234911
Watts 403 20150721234923
Watts 451 20150721234947
Watts 435 20150721235811
