Watts 225 20150728000012
Watts 209 20150728001212
Watts 242 20150728002212
Watts 225 20150728002224
Watts 354 20150728003036
Watts 338 20150728003112
Watts 435 20150728003624
Watts 258 20150728003636
Watts 242 20150728003648
Watts 161 20150728003848
Watts 177 20150728003900
Watts 242 20150728004024
Watts 225 20150728005412
Watts 242 20150728005512
Watts 225 20150728010012
Watts 242 20150728010312
Watts 225 20150728010512
Watts 145 20150728010636
Watts 161 20150728010812
Watts 145 20150728010912
Watts 161 20150728012212
Watts 145 20150728012312
Watts 161 20150728012612
Watts 145 20150728012812
Watts 161 20150728013312
Watts 145 20150728013412
Watts 161 20150728013512
Watts 145 20150728013612
Watts 161 20150728014112
Watts 145 20150728014312
Watts 161 20150728014412
Watts 145 20150728014812
Watts 161 20150728015712
Watts 145 20150728015812
Watts 161 20150728015912
Watts 145 20150728020112
Watts 209 20150728021548
Watts 177 20150728021600
Watts 161 20150728021612
Watts 242 20150728023900
Watts 145 20150728025124
Watts 161 20150728025212
Watts 145 20150728025312
Watts 161 20150728025412
Watts 145 20150728025612
Watts 161 20150728025712
Watts 145 20150728025812
Watts 161 20150728025912
Watts 145 20150728030012
Watts 161 20150728031612
Watts 145 20150728031712
Watts 161 20150728032012
Watts 145 20150728032112
Watts 177 20150728033048
Watts 145 20150728033436
Watts 177 20150728034200
Watts 209 20150728034236
Watts 161 20150728034636
Watts 145 20150728034812
Watts 161 20150728035012
Watts 145 20150728035112
Watts 258 20150728040636
Watts 242 20150728040648
Watts 225 20150728040712
Watts 242 20150728040812
Watts 225 20150728040912
Watts 274 20150728041236
Watts 225 20150728041324
Watts 258 20150728041436
Watts 161 20150728041648
Watts 242 20150728044012
Watts 161 20150728044124
Watts 145 20150728044512
Watts 161 20150728044712
Watts 145 20150728044912
Watts 225 20150728044936
Watts 145 20150728045524
Watts 161 20150728045612
Watts 145 20150728045712
Watts 161 20150728050012
Watts 145 20150728050612
Watts 161 20150728051612
Watts 145 20150728051712
Watts 161 20150728052212
Watts 145 20150728052412
Watts 161 20150728052912
Watts 145 20150728053012
Watts 161 20150728053112
Watts 145 20150728053212
Watts 161 20150728053412
Watts 145 20150728053512
Watts 161 20150728053912
Watts 145 20150728054012
Watts 161 20150728054412
Watts 145 20150728054812
Watts 161 20150728054912
Watts 145 20150728055012
Watts 161 20150728055212
Watts 145 20150728055512
Watts 161 20150728055712
Watts 145 20150728055812
Watts 161 20150728060012
Watts 258 20150728060548
Watts 242 20150728060600
Watts 225 20150728060612
Watts 338 20150728060648
Watts 354 20150728061112
Watts 338 20150728061312
Watts 258 20150728061324
Watts 370 20150728062012
Watts 403 20150728062024
Watts 370 20150728062036
Watts 403 20150728062124
Watts 370 20150728062148
Watts 338 20150728062200
Watts 370 20150728062212
Watts 338 20150728062236
Watts 370 20150728062248
Watts 258 20150728062324
Watts 306 20150728062748
Watts 258 20150728063024
Watts 419 20150728063400
Watts 177 20150728063936
Watts 161 20150728064012
Watts 1433 20150728064100
Watts 1417 20150728064212
Watts 209 20150728064224
Watts 177 20150728064236
Watts 209 20150728064248
Watts 177 20150728064336
Watts 209 20150728064348
Watts 177 20150728064424
Watts 161 20150728064512
Watts 225 20150728064712
Watts 209 20150728064912
Watts 225 20150728065212
Watts 209 20150728065912
Watts 225 20150728070012
Watts 370 20150728070524
Watts 225 20150728070812
Watts 145 20150728070900
Watts 161 20150728070912
Watts 177 20150728071012
Watts 242 20150728071036
Watts 225 20150728071048
Watts 177 20150728071112
Watts 161 20150728071212
Watts 145 20150728071312
Watts 161 20150728072912
Watts 145 20150728073012
Watts 258 20150728074612
Watts 242 20150728074624
Watts 225 20150728075012
Watts 242 20150728075112
Watts 225 20150728075212
Watts 242 20150728075412
Watts 225 20150728075712
Watts 242 20150728080112
Watts 225 20150728080212
Watts 274 20150728080248
Watts 225 20150728081800
Watts 177 20150728081812
Watts 145 20150728084036
Watts 290 20150728084048
Watts 258 20150728084100
Watts 306 20150728084112
Watts 258 20150728084200
Watts 225 20150728084212
Watts 274 20150728084224
Watts 258 20150728084236
Watts 338 20150728084248
Watts 290 20150728084324
Watts 338 20150728084348
Watts 290 20150728084412
Watts 242 20150728084436
Watts 225 20150728084512
Watts 306 20150728085012
Watts 354 20150728085024
Watts 225 20150728085224
Watts 145 20150728085500
Watts 225 20150728085512
Watts 145 20150728090048
Watts 548 20150728090748
Watts 1401 20150728090800
Watts 1610 20150728090812
Watts 1401 20150728090824
Watts 161 20150728090848
Watts 966 20150728090912
Watts 1369 20150728090924
Watts 1353 20150728091024
Watts 145 20150728091112
Watts 177 20150728091600
Watts 145 20150728091624
Watts 177 20150728092348
Watts 242 20150728092500
Watts 225 20150728092512
Watts 161 20150728092524
Watts 258 20150728093748
Watts 403 20150728094012
Watts 370 20150728094024
Watts 258 20150728094036
Watts 225 20150728094136
Watts 290 20150728094224
Watts 403 20150728094248
Watts 419 20150728094312
Watts 483 20150728094424
Watts 419 20150728094512
Watts 515 20150728094612
Watts 435 20150728094748
Watts 515 20150728094812
Watts 435 20150728094836
Watts 419 20150728095012
Watts 242 20150728095324
Watts 225 20150728095512
Watts 242 20150728095712
Watts 225 20150728095912
Watts 145 20150728100100
Watts 161 20150728104912
Watts 145 20150728105212
Watts 161 20150728105412
Watts 145 20150728105512
Watts 258 20150728110748
Watts 242 20150728110800
Watts 225 20150728110812
Watts 242 20150728111012
Watts 225 20150728111212
Watts 242 20150728111612
Watts 161 20150728111700
Watts 177 20150728112412
Watts 161 20150728112512
Watts 177 20150728112712
Watts 161 20150728112812
Watts 145 20150728114112
Watts 161 20150728114412
Watts 145 20150728114612
Watts 161 20150728114812
Watts 145 20150728115012
Watts 177 20150728120612
Watts 161 20150728120812
Watts 209 20150728120836
Watts 177 20150728120848
Watts 161 20150728121112
Watts 209 20150728121448
Watts 177 20150728121524
Watts 209 20150728121624
Watts 177 20150728121636
Watts 161 20150728121648
Watts 290 20150728121836
Watts 258 20150728121848
Watts 161 20150728121900
Watts 209 20150728122412
Watts 177 20150728122448
Watts 161 20150728122500
Watts 902 20150728122748
Watts 886 20150728122800
Watts 966 20150728123248
Watts 934 20150728123300
Watts 950 20150728123312
Watts 225 20150728123412
Watts 966 20150728123424
Watts 950 20150728123512
Watts 209 20150728123536
Watts 982 20150728123548
Watts 966 20150728123600
Watts 950 20150728123612
Watts 209 20150728123648
Watts 950 20150728123700
Watts 209 20150728123800
Watts 950 20150728123812
Watts 209 20150728124012
Watts 950 20150728124024
Watts 966 20150728124036
Watts 209 20150728124112
Watts 950 20150728124124
Watts 934 20150728124212
Watts 209 20150728124224
Watts 950 20150728124236
Watts 177 20150728124324
Watts 499 20150728124348
Watts 515 20150728124712
Watts 499 20150728124812
Watts 580 20150728124848
Watts 548 20150728125148
Watts 580 20150728125236
Watts 548 20150728125248
Watts 580 20150728125448
Watts 548 20150728125500
Watts 580 20150728125524
Watts 548 20150728125548
Watts 580 20150728125600
Watts 548 20150728125624
Watts 580 20150728125636
Watts 548 20150728125700
Watts 580 20150728125712
Watts 548 20150728125724
Watts 580 20150728125812
Watts 548 20150728125836
Watts 580 20150728125900
Watts 548 20150728125912
Watts 580 20150728125948
Watts 548 20150728130000
Watts 580 20150728130112
Watts 548 20150728130136
Watts 580 20150728130324
Watts 548 20150728130336
Watts 580 20150728130348
Watts 548 20150728130400
Watts 580 20150728130448
Watts 548 20150728130500
Watts 580 20150728130636
Watts 548 20150728130648
Watts 580 20150728131048
Watts 548 20150728131100
Watts 499 20150728131336
Watts 483 20150728131348
Watts 499 20150728131912
Watts 483 20150728132012
Watts 435 20150728132448
Watts 451 20150728132512
Watts 435 20150728132812
Watts 467 20150728132836
Watts 451 20150728132848
Watts 467 20150728132912
Watts 435 20150728132936
Watts 451 20150728133012
Watts 161 20150728133100
Watts 209 20150728133312
Watts 161 20150728133324
Watts 177 20150728134212
Watts 161 20150728134312
Watts 177 20150728134412
Watts 161 20150728134612
Watts 177 20150728135112
Watts 209 20150728135348
Watts 177 20150728135400
Watts 209 20150728135624
Watts 177 20150728135636
Watts 209 20150728135724
Watts 177 20150728135736
Watts 161 20150728140412
Watts 209 20150728140500
Watts 177 20150728140512
Watts 209 20150728140636
Watts 177 20150728140648
Watts 209 20150728140824
Watts 177 20150728140836
Watts 209 20150728141124
Watts 177 20150728141136
Watts 161 20150728141148
Watts 177 20150728141212
Watts 161 20150728141312
Watts 209 20150728141324
Watts 177 20150728141336
Watts 161 20150728141348
Watts 177 20150728141712
Watts 161 20150728141912
Watts 177 20150728142012
Watts 161 20150728142112
Watts 177 20150728142412
Watts 209 20150728142524
Watts 161 20150728142548
Watts 177 20150728142612
Watts 209 20150728142700
Watts 177 20150728142712
Watts 161 20150728142724
Watts 225 20150728142900
Watts 242 20150728142912
Watts 209 20150728142924
Watts 177 20150728142936
Watts 225 20150728143012
Watts 209 20150728143024
Watts 177 20150728143048
Watts 209 20150728143100
Watts 177 20150728143236
Watts 209 20150728143248
Watts 177 20150728143300
Watts 209 20150728143312
Watts 177 20150728143436
Watts 209 20150728143448
Watts 177 20150728143524
Watts 209 20150728143536
Watts 177 20150728143548
Watts 209 20150728143600
Watts 177 20150728143748
Watts 225 20150728143824
Watts 209 20150728143836
Watts 177 20150728143900
Watts 209 20150728143912
Watts 177 20150728143924
Watts 209 20150728143936
Watts 177 20150728143948
Watts 209 20150728144000
Watts 177 20150728144136
Watts 209 20150728144200
Watts 225 20150728144348
Watts 177 20150728144436
Watts 209 20150728144448
Watts 177 20150728144524
Watts 209 20150728144536
Watts 177 20150728144548
Watts 209 20150728144600
Watts 177 20150728144636
Watts 225 20150728144712
Watts 177 20150728144724
Watts 209 20150728144736
Watts 177 20150728144848
Watts 209 20150728144900
Watts 177 20150728144948
Watts 209 20150728145012
Watts 177 20150728145024
Watts 258 20150728145036
Watts 209 20150728150348
Watts 177 20150728150400
Watts 209 20150728150448
Watts 177 20150728150500
Watts 209 20150728150648
Watts 177 20150728150712
Watts 145 20150728150736
Watts 177 20150728150900
Watts 145 20150728150924
Watts 161 20150728150936
Watts 145 20150728151012
Watts 177 20150728151324
Watts 145 20150728151348
Watts 177 20150728151436
Watts 1401 20150728151448
Watts 177 20150728151548
Watts 145 20150728151600
Watts 225 20150728151636
Watts 145 20150728151724
Watts 177 20150728151900
Watts 209 20150728151912
Watts 177 20150728152048
Watts 209 20150728152100
Watts 177 20150728152312
Watts 209 20150728152324
Watts 177 20150728152612
Watts 1353 20150728152748
Watts 580 20150728152812
Watts 209 20150728152824
Watts 177 20150728152836
Watts 242 20150728153500
Watts 225 20150728153512
Watts 161 20150728154848
Watts 177 20150728155112
Watts 258 20150728155136
Watts 403 20150728155248
Watts 258 20150728155312
Watts 354 20150728155348
Watts 419 20150728155548
Watts 274 20150728155712
Watts 306 20150728155824
Watts 274 20150728155836
Watts 2029 20150728155848
Watts 274 20150728155900
Watts 306 20150728155912
Watts 435 20150728155924
Watts 467 20150728155936
Watts 483 20150728155948
Watts 467 20150728160012
Watts 451 20150728160112
Watts 499 20150728160124
Watts 483 20150728160212
Watts 435 20150728160224
Watts 499 20150728160236
Watts 483 20150728160612
Watts 499 20150728160712
Watts 483 20150728160912
Watts 515 20150728161136
Watts 483 20150728161200
Watts 435 20150728161300
Watts 483 20150728161312
Watts 467 20150728161512
Watts 483 20150728161612
Watts 435 20150728162500
Watts 483 20150728162512
Watts 419 20150728162936
Watts 435 20150728163112
Watts 419 20150728163212
Watts 354 20150728163412
Watts 419 20150728163424
Watts 354 20150728163500
Watts 403 20150728163512
Watts 419 20150728163524
Watts 370 20150728163624
Watts 419 20150728163636
Watts 354 20150728163712
Watts 338 20150728164412
Watts 403 20150728165124
Watts 370 20150728165624
Watts 403 20150728165636
Watts 370 20150728165712
Watts 403 20150728165724
Watts 370 20150728170124
Watts 403 20150728170136
Watts 354 20150728170636
Watts 403 20150728170648
Watts 338 20150728170800
Watts 403 20150728170812
Watts 370 20150728170824
Watts 403 20150728170836
Watts 354 20150728170912
Watts 403 20150728170924
Watts 370 20150728171124
Watts 354 20150728171136
Watts 403 20150728171148
Watts 370 20150728171200
Watts 403 20150728171212
Watts 338 20150728171236
Watts 370 20150728171248
Watts 306 20150728171300
Watts 403 20150728171312
Watts 338 20150728172512
Watts 354 20150728172524
Watts 435 20150728172612
Watts 419 20150728172712
Watts 1288 20150728175236
Watts 467 20150728175248
Watts 483 20150728175312
Watts 467 20150728175412
Watts 403 20150728175736
Watts 451 20150728180812
Watts 403 20150728180824
Watts 370 20150728181000
Watts 403 20150728181012
Watts 354 20150728181424
Watts 370 20150728181436
Watts 354 20150728181512
Watts 338 20150728181612
Watts 435 20150728181636
Watts 531 20150728181736
Watts 435 20150728181748
Watts 338 20150728181812
Watts 209 20150728181824
Watts 225 20150728181836
Watts 209 20150728181912
Watts 177 20150728181924
Watts 209 20150728181936
Watts 161 20150728181948
Watts 177 20150728182000
Watts 258 20150728182048
Watts 177 20150728182100
Watts 209 20150728182112
Watts 177 20150728182124
Watts 209 20150728182148
Watts 177 20150728182212
Watts 209 20150728182348
Watts 177 20150728182412
Watts 209 20150728182436
Watts 177 20150728182448
Watts 209 20150728182512
Watts 177 20150728182636
Watts 209 20150728182648
Watts 177 20150728182700
Watts 209 20150728182836
Watts 177 20150728182848
Watts 209 20150728182936
Watts 177 20150728182948
Watts 209 20150728183136
Watts 177 20150728183212
Watts 209 20150728183224
Watts 177 20150728183312
Watts 161 20150728183512
Watts 177 20150728183612
Watts 161 20150728183712
Watts 209 20150728183848
Watts 161 20150728183900
Watts 177 20150728184012
Watts 161 20150728184212
Watts 274 20150728185000
Watts 290 20150728185012
Watts 274 20150728185112
Watts 161 20150728185224
Watts 177 20150728185236
Watts 161 20150728185312
Watts 177 20150728185512
Watts 209 20150728185536
Watts 177 20150728185548
Watts 258 20150728185600
Watts 403 20150728185636
Watts 370 20150728185648
Watts 403 20150728190000
Watts 370 20150728190012
Watts 258 20150728190248
Watts 274 20150728190612
Watts 258 20150728190712
Watts 435 20150728190900
Watts 258 20150728190936
Watts 242 20150728191412
Watts 258 20150728191512
Watts 435 20150728191900
Watts 419 20150728191912
Watts 258 20150728191924
Watts 290 20150728192212
Watts 274 20150728192224
Watts 242 20150728192248
Watts 258 20150728192300
Watts 274 20150728192412
Watts 242 20150728192436
Watts 258 20150728192448
Watts 2271 20150728192612
Watts 2254 20150728192624
Watts 2222 20150728192712
Watts 338 20150728192724
Watts 435 20150728192800
Watts 2415 20150728192836
Watts 435 20150728192848
Watts 2464 20150728192948
Watts 2432 20150728193000
Watts 467 20150728193024
Watts 2448 20150728193048
Watts 435 20150728193100
Watts 2415 20150728193200
Watts 435 20150728193212
Watts 338 20150728193224
Watts 2383 20150728193300
Watts 370 20150728193312
Watts 338 20150728193324
Watts 290 20150728193424
Watts 2271 20150728193500
Watts 2254 20150728193512
Watts 290 20150728193524
Watts 161 20150728193712
Watts 177 20150728193812
Watts 161 20150728193912
Watts 225 20150728194136
Watts 242 20150728194148
Watts 161 20150728194212
Watts 177 20150728194912
Watts 161 20150728195012
Watts 177 20150728195612
Watts 209 20150728195736
Watts 177 20150728195748
Watts 161 20150728195800
Watts 145 20150728200012
Watts 161 20150728200112
Watts 274 20150728200512
Watts 161 20150728200600
Watts 306 20150728200624
Watts 161 20150728200648
Watts 145 20150728200700
Watts 161 20150728200712
Watts 209 20150728200812
Watts 177 20150728200824
Watts 209 20150728201000
Watts 177 20150728201012
Watts 209 20150728201024
Watts 177 20150728201036
Watts 225 20150728201124
Watts 177 20150728201136
Watts 225 20150728201324
Watts 209 20150728201336
Watts 274 20150728201348
Watts 354 20150728201400
Watts 403 20150728201512
Watts 354 20150728201524
Watts 306 20150728201600
Watts 467 20150728201612
Watts 580 20150728201624
Watts 499 20150728201636
Watts 403 20150728201700
Watts 354 20150728201712
Watts 403 20150728201724
Watts 419 20150728201736
Watts 370 20150728201800
Watts 403 20150728201812
Watts 354 20150728201948
Watts 306 20150728202000
Watts 338 20150728202012
Watts 403 20150728202036
Watts 370 20150728202048
Watts 403 20150728202100
Watts 370 20150728202112
Watts 403 20150728202136
Watts 370 20150728202148
Watts 403 20150728202212
Watts 370 20150728202224
Watts 403 20150728202236
Watts 370 20150728202324
Watts 403 20150728202824
Watts 370 20150728202836
Watts 338 20150728203036
Watts 306 20150728203048
Watts 370 20150728203100
Watts 338 20150728203136
Watts 306 20150728203236
Watts 338 20150728203248
Watts 306 20150728203624
Watts 435 20150728203636
Watts 403 20150728203648
Watts 370 20150728203800
Watts 419 20150728203812
Watts 435 20150728203824
Watts 403 20150728203836
Watts 419 20150728203912
Watts 403 20150728204112
Watts 370 20150728204324
Watts 403 20150728204336
Watts 419 20150728204412
Watts 403 20150728204512
Watts 370 20150728204600
Watts 403 20150728204612
Watts 419 20150728204624
Watts 403 20150728204712
Watts 370 20150728204812
Watts 403 20150728204824
Watts 370 20150728204836
Watts 403 20150728204848
Watts 419 20150728205012
Watts 370 20150728205048
Watts 403 20150728205112
Watts 354 20150728205312
Watts 403 20150728205324
Watts 354 20150728205336
Watts 370 20150728205348
Watts 403 20150728205400
Watts 419 20150728205412
Watts 403 20150728205512
Watts 419 20150728205612
Watts 370 20150728205636
Watts 419 20150728205648
Watts 1256 20150728205800
Watts 467 20150728205812
Watts 483 20150728205824
Watts 467 20150728205912
Watts 2206 20150728205924
Watts 2174 20150728210000
Watts 2190 20150728210112
Watts 2158 20150728210148
Watts 2174 20150728210312
Watts 2142 20150728210412
Watts 2158 20150728210424
Watts 2142 20150728210512
Watts 2158 20150728210712
Watts 2126 20150728210724
Watts 2142 20150728210736
Watts 2158 20150728210912
Watts 2126 20150728211012
Watts 2142 20150728211024
Watts 2174 20150728211048
Watts 2158 20150728211100
Watts 2142 20150728211112
Watts 2174 20150728211124
Watts 2190 20150728211212
Watts 2174 20150728211312
Watts 2206 20150728211336
Watts 2174 20150728211348
Watts 2190 20150728211400
Watts 2206 20150728211412
Watts 515 20150728211424
Watts 467 20150728211748
Watts 451 20150728211800
Watts 515 20150728211812
Watts 499 20150728211824
Watts 435 20150728211912
Watts 419 20150728211924
Watts 258 20150728211948
Watts 242 20150728212112
Watts 258 20150728212212
Watts 242 20150728212312
Watts 290 20150728212548
Watts 242 20150728212700
Watts 290 20150728212924
Watts 435 20150728213048
Watts 290 20150728213100
Watts 242 20150728213124
Watts 274 20150728213848
Watts 258 20150728213900
Watts 274 20150728213912
Watts 306 20150728213936
Watts 419 20150728213948
Watts 435 20150728214412
Watts 403 20150728214424
Watts 419 20150728214436
Watts 370 20150728214500
Watts 419 20150728214512
Watts 370 20150728214524
Watts 403 20150728220036
Watts 370 20150728220100
Watts 338 20150728220612
Watts 290 20150728220912
Watts 338 20150728220924
Watts 290 20150728220936
Watts 338 20150728220948
Watts 290 20150728221000
Watts 274 20150728221012
Watts 338 20150728221024
Watts 370 20150728221200
Watts 403 20150728221248
Watts 467 20150728221312
Watts 419 20150728221324
Watts 403 20150728221336
Watts 1610 20150728221348
Watts 1594 20150728221412
Watts 1465 20150728221500
Watts 338 20150728221612
Watts 354 20150728221624
Watts 306 20150728221648
Watts 338 20150728221700
Watts 354 20150728221712
Watts 338 20150728221812
Watts 306 20150728222024
Watts 338 20150728222036
Watts 306 20150728222100
Watts 338 20150728222112
Watts 306 20150728222924
Watts 338 20150728223012
Watts 306 20150728223036
Watts 338 20150728223048
Watts 354 20150728223100
Watts 306 20150728223112
Watts 338 20150728223124
Watts 435 20150728223200
Watts 338 20150728223212
Watts 354 20150728223224
Watts 338 20150728223312
Watts 306 20150728223324
Watts 338 20150728223336
Watts 306 20150728223448
Watts 338 20150728223536
Watts 274 20150728223612
Watts 338 20150728223624
Watts 370 20150728223648
Watts 274 20150728223848
Watts 338 20150728223900
Watts 306 20150728223936
Watts 338 20150728223948
Watts 451 20150728224000
Watts 338 20150728224012
Watts 306 20150728224024
Watts 419 20150728224100
Watts 306 20150728224112
Watts 451 20150728224124
Watts 338 20150728224136
Watts 306 20150728224148
Watts 338 20150728224200
Watts 306 20150728224224
Watts 338 20150728224236
Watts 290 20150728224312
Watts 451 20150728224400
Watts 419 20150728224412
Watts 580 20150728224800
Watts 596 20150728224812
Watts 419 20150728224824
Watts 467 20150728224836
Watts 451 20150728224900
Watts 531 20150728224924
Watts 596 20150728224948
Watts 725 20150728225236
Watts 596 20150728225248
Watts 451 20150728225312
Watts 419 20150728225448
Watts 403 20150728225512
Watts 419 20150728225612
Watts 451 20150728230400
Watts 242 20150728230424
Watts 177 20150728231212
Watts 161 20150728232712
Watts 934 20150728233236
Watts 161 20150728233248
Watts 145 20150728234912
Watts 161 20150728235012
Watts 145 20150728235312
