Watts 515 20150719000028
Watts 499 20150719000128
Watts 419 20150719000152
Watts 451 20150719000216
Watts 242 20150719001128
Watts 306 20150719001138
Watts 225 20150719001149
Watts 306 20150719001202
Watts 242 20150719001339
Watts 225 20150719001528
Watts 242 20150719001628
Watts 225 20150719001927
Watts 242 20150719002328
Watts 225 20150719002428
Watts 290 20150719002439
Watts 258 20150719002628
Watts 354 20150719002703
Watts 483 20150719002739
Watts 354 20150719002751
Watts 499 20150719002839
Watts 467 20150719002851
Watts 354 20150719002928
Watts 435 20150719003116
Watts 354 20150719003139
Watts 306 20150719003251
Watts 242 20150719003351
Watts 161 20150719003616
Watts 145 20150719003827
Watts 161 20150719004128
Watts 145 20150719004228
Watts 161 20150719004628
Watts 145 20150719004828
Watts 161 20150719005328
Watts 209 20150719010015
Watts 306 20150719010139
Watts 338 20150719010151
Watts 258 20150719010227
Watts 225 20150719010415
Watts 209 20150719010427
Watts 242 20150719012015
Watts 290 20150719012939
Watts 306 20150719012951
Watts 290 20150719013027
Watts 306 20150719013128
Watts 290 20150719013227
Watts 306 20150719013839
Watts 290 20150719013851
Watts 242 20150719014315
Watts 290 20150719014851
Watts 242 20150719014903
Watts 161 20150719015527
Watts 145 20150719024028
Watts 161 20150719024127
Watts 145 20150719024328
Watts 161 20150719024427
Watts 145 20150719025127
Watts 161 20150719025228
Watts 258 20150719025238
Watts 242 20150719025250
Watts 177 20150719025716
Watts 161 20150719030527
Watts 177 20150719030928
Watts 161 20150719031128
Watts 1079 20150719032404
Watts 242 20150719032427
Watts 145 20150719032703
Watts 258 20150719042540
Watts 145 20150719042551
Watts 161 20150719042603
Watts 145 20150719042828
Watts 161 20150719042927
Watts 145 20150719043028
Watts 258 20150719043804
Watts 225 20150719043828
Watts 242 20150719043927
Watts 306 20150719044752
Watts 290 20150719044828
Watts 242 20150719045352
Watts 161 20150719045416
Watts 177 20150719050028
Watts 145 20150719050616
Watts 161 20150719051928
Watts 145 20150719052228
Watts 161 20150719052628
Watts 145 20150719052728
Watts 161 20150719060028
Watts 145 20150719060728
Watts 161 20150719060928
Watts 145 20150719061128
Watts 274 20150719061404
Watts 258 20150719061427
Watts 225 20150719061516
Watts 258 20150719061628
Watts 225 20150719061639
Watts 242 20150719061651
Watts 145 20150719061739
Watts 1079 20150719061851
Watts 242 20150719061903
Watts 370 20150719061939
Watts 354 20150719061951
Watts 403 20150719062052
Watts 419 20150719062128
Watts 354 20150719062251
Watts 531 20150719062428
Watts 354 20150719062451
Watts 499 20150719062716
Watts 354 20150719063004
Watts 258 20150719063052
Watts 242 20150719063127
Watts 0 20150719063204
Watts 242 20150719063215
Watts 435 20150719063227
Watts 242 20150719063339
Watts 354 20150719063440
Watts 242 20150719064015
Watts 274 20150719064052
Watts 1498 20150719064115
Watts 242 20150719064204
Watts 258 20150719064215
Watts 274 20150719064227
Watts 242 20150719064239
Watts 290 20150719064415
Watts 274 20150719064427
Watts 242 20150719064739
Watts 177 20150719065151
Watts 209 20150719065328
Watts 177 20150719065351
Watts 209 20150719065415
Watts 177 20150719065427
Watts 161 20150719065827
Watts 209 20150719070503
Watts 177 20150719070527
Watts 225 20150719070603
Watts 177 20150719070615
Watts 306 20150719070639
Watts 290 20150719070651
Watts 177 20150719070703
Watts 225 20150719070815
Watts 177 20150719070903
Watts 290 20150719070915
Watts 177 20150719070927
Watts 274 20150719071027
Watts 161 20150719071051
Watts 145 20150719071103
Watts 161 20150719071228
Watts 145 20150719071327
Watts 161 20150719071628
Watts 145 20150719071728
Watts 161 20150719075028
Watts 145 20150719075227
Watts 177 20150719080016
Watts 161 20150719080228
Watts 242 20150719081128
Watts 225 20150719081728
Watts 242 20150719081927
Watts 225 20150719082228
Watts 242 20150719082628
Watts 225 20150719083127
Watts 242 20150719083328
Watts 225 20150719083427
Watts 242 20150719083528
Watts 145 20150719083604
Watts 161 20150719090927
Watts 145 20150719091228
Watts 161 20150719091827
Watts 145 20150719092028
Watts 161 20150719092828
Watts 145 20150719092928
Watts 177 20150719094928
Watts 161 20150719095028
Watts 242 20150719100804
Watts 354 20150719100852
Watts 338 20150719100903
Watts 354 20150719100927
Watts 242 20150719100951
Watts 225 20150719101728
Watts 242 20150719101828
Watts 225 20150719102028
Watts 242 20150719102128
Watts 145 20150719102339
Watts 177 20150719104804
Watts 145 20150719104815
Watts 161 20150719111128
Watts 209 20150719111251
Watts 161 20150719111303
Watts 1385 20150719111403
Watts 1594 20150719111415
Watts 1610 20150719111427
Watts 821 20150719111516
Watts 177 20150719111527
Watts 1369 20150719111551
Watts 1385 20150719111603
Watts 177 20150719111627
Watts 580 20150719111639
Watts 1385 20150719111650
Watts 1369 20150719111703
Watts 1353 20150719111727
Watts 161 20150719111751
Watts 145 20150719111803
Watts 177 20150719111828
Watts 596 20150719111928
Watts 1353 20150719111939
Watts 161 20150719111951
Watts 145 20150719112003
Watts 177 20150719112052
Watts 145 20150719112103
Watts 177 20150719112115
Watts 145 20150719112139
Watts 161 20150719112151
Watts 145 20150719112428
Watts 242 20150719112528
Watts 225 20150719112628
Watts 370 20150719112716
Watts 354 20150719112727
Watts 483 20150719113003
Watts 467 20150719113015
Watts 338 20150719113051
Watts 354 20150719113103
Watts 338 20150719113239
Watts 354 20150719113250
Watts 338 20150719113528
Watts 354 20150719113627
Watts 242 20150719113716
Watts 354 20150719113904
Watts 242 20150719113915
Watts 161 20150719113927
Watts 258 20150719113939
Watts 1047 20150719114151
Watts 1031 20150719114203
Watts 982 20150719114215
Watts 1047 20150719114351
Watts 982 20150719114403
Watts 934 20150719114415
Watts 1739 20150719114452
Watts 1417 20150719115152
Watts 1449 20150719115215
Watts 1433 20150719115227
Watts 1417 20150719115327
Watts 1433 20150719115428
Watts 1417 20150719115627
Watts 1272 20150719115827
Watts 1369 20150719120439
Watts 1353 20150719120527
Watts 1369 20150719120828
Watts 1353 20150719121127
Watts 1369 20150719121328
Watts 870 20150719121428
Watts 837 20150719121804
Watts 821 20150719122028
Watts 467 20150719122039
Watts 161 20150719122316
Watts 145 20150719122327
Watts 161 20150719122428
Watts 145 20150719122628
Watts 242 20150719124028
Watts 145 20150719124204
Watts 242 20150719124327
Watts 225 20150719124428
Watts 145 20150719124451
Watts 209 20150719124515
Watts 145 20150719124715
Watts 177 20150719125051
Watts 145 20150719125304
Watts 161 20150719125728
Watts 290 20150719125739
Watts 145 20150719125751
Watts 161 20150719130328
Watts 145 20150719130628
Watts 161 20150719131728
Watts 209 20150719131804
Watts 161 20150719132103
Watts 145 20150719132115
Watts 161 20150719132127
Watts 242 20150719132139
Watts 161 20150719132203
Watts 145 20150719132328
Watts 161 20150719132628
Watts 145 20150719132728
Watts 258 20150719133016
Watts 242 20150719133027
Watts 354 20150719133139
Watts 242 20150719133151
Watts 177 20150719135052
Watts 209 20150719135204
Watts 177 20150719135215
Watts 209 20150719135239
Watts 177 20150719135303
Watts 950 20150719135616
Watts 934 20150719135627
Watts 966 20150719135716
Watts 934 20150719135727
Watts 499 20150719140228
Watts 483 20150719140528
Watts 499 20150719140728
Watts 612 20150719140916
Watts 499 20150719140927
Watts 628 20150719141016
Watts 1594 20150719141516
Watts 676 20150719141527
Watts 1031 20150719141640
Watts 982 20150719141703
Watts 1031 20150719141715
Watts 982 20150719141739
Watts 1031 20150719141839
Watts 982 20150719141903
Watts 1031 20150719141927
Watts 982 20150719141939
Watts 676 20150719142003
Watts 821 20150719142316
Watts 805 20150719142327
Watts 676 20150719142339
Watts 660 20150719144228
Watts 676 20150719144328
Watts 628 20150719150040
Watts 354 20150719150216
Watts 403 20150719150227
Watts 370 20150719150251
Watts 161 20150719150428
Watts 177 20150719150439
Watts 209 20150719151139
Watts 177 20150719151151
Watts 209 20150719151328
Watts 177 20150719151351
Watts 161 20150719152103
Watts 145 20150719152127
Watts 177 20150719152252
Watts 209 20150719152339
Watts 225 20150719152351
Watts 209 20150719152427
Watts 290 20150719160339
Watts 403 20150719160428
Watts 225 20150719160451
Watts 258 20150719160504
Watts 177 20150719160514
Watts 338 20150719160539
Watts 354 20150719160550
Watts 451 20150719160602
Watts 354 20150719160640
Watts 451 20150719160727
Watts 354 20150719160739
Watts 306 20150719162404
Watts 338 20150719162428
Watts 354 20150719162503
Watts 306 20150719162603
Watts 354 20150719162615
Watts 435 20150719163128
Watts 0 20150719163139
Watts 419 20150719163228
Watts 531 20150719165915
Watts 419 20150719170353
Watts 499 20150719170439
Watts 467 20150719170539
Watts 451 20150719170551
Watts 499 20150719170603
Watts 628 20150719170615
Watts 644 20150719170627
Watts 2013 20150719170716
Watts 676 20150719170739
Watts 2077 20150719170751
Watts 692 20150719170815
Watts 628 20150719170839
Watts 644 20150719170927
Watts 499 20150719171539
Watts 338 20150719171551
Watts 370 20150719171828
Watts 435 20150719171851
Watts 338 20150719172251
Watts 403 20150719172427
Watts 338 20150719172503
Watts 177 20150719172652
Watts 258 20150719172703
Watts 161 20150719172739
Watts 145 20150719172828
Watts 161 20150719172928
Watts 145 20150719173228
Watts 161 20150719173828
Watts 145 20150719174128
Watts 161 20150719174228
Watts 145 20150719174428
Watts 161 20150719174528
Watts 145 20150719174628
Watts 161 20150719174828
Watts 145 20150719175028
Watts 242 20150719181039
Watts 225 20150719181128
Watts 354 20150719181228
Watts 242 20150719181251
Watts 225 20150719181303
Watts 161 20150719181439
Watts 145 20150719181451
Watts 209 20150719182404
Watts 177 20150719182415
Watts 161 20150719182427
Watts 177 20150719182528
Watts 161 20150719182928
Watts 177 20150719183028
Watts 161 20150719183228
Watts 177 20150719183528
Watts 161 20150719183628
Watts 242 20150719184352
Watts 225 20150719185828
Watts 242 20150719185928
Watts 225 20150719190228
Watts 242 20150719190327
Watts 225 20150719190428
Watts 242 20150719190528
Watts 225 20150719190628
Watts 145 20150719191116
Watts 242 20150719191352
Watts 225 20150719191403
Watts 403 20150719191452
Watts 338 20150719191515
Watts 225 20150719191628
Watts 161 20150719191652
Watts 145 20150719191728
Watts 1417 20150719191903
Watts 709 20150719191952
Watts 177 20150719192003
Watts 145 20150719192027
Watts 161 20150719192327
Watts 225 20150719192403
Watts 209 20150719192728
Watts 177 20150719194017
Watts 209 20150719194027
Watts 225 20150719195228
Watts 209 20150719200028
Watts 306 20150719200739
Watts 274 20150719200816
Watts 306 20150719200839
Watts 274 20150719200851
Watts 290 20150719200928
Watts 274 20150719201028
Watts 306 20150719201228
Watts 274 20150719201328
Watts 290 20150719201428
Watts 274 20150719201928
Watts 290 20150719202028
Watts 274 20150719202128
Watts 290 20150719202228
Watts 274 20150719202428
Watts 225 20150719202451
Watts 290 20150719203028
Watts 306 20150719203039
Watts 225 20150719203139
Watts 242 20150719203828
Watts 225 20150719203928
Watts 209 20150719204928
Watts 242 20150719205016
Watts 209 20150719205128
Watts 225 20150719205139
Watts 209 20150719205228
Watts 225 20150719205428
Watts 258 20150719205716
Watts 290 20150719210503
Watts 258 20150719210515
Watts 419 20150719210939
Watts 258 20150719210951
Watts 274 20150719211028
Watts 1449 20150719211039
Watts 1465 20150719211051
Watts 274 20150719211139
Watts 258 20150719211151
Watts 338 20150719211452
Watts 258 20150719211503
Watts 338 20150719211515
Watts 258 20150719211539
Watts 306 20150719211639
Watts 370 20150719211828
Watts 403 20150719211840
Watts 370 20150719211851
Watts 338 20150719212140
Watts 258 20150719212352
Watts 274 20150719212428
Watts 338 20150719212616
Watts 435 20150719212640
Watts 370 20150719212752
Watts 435 20150719212804
Watts 451 20150719212815
Watts 419 20150719212839
Watts 370 20150719212903
Watts 419 20150719212915
Watts 370 20150719213028
Watts 419 20150719213039
Watts 354 20150719213116
Watts 419 20150719213139
Watts 354 20150719213151
Watts 419 20150719213203
Watts 403 20150719213215
Watts 419 20150719213227
Watts 499 20150719213315
Watts 483 20150719213327
Watts 451 20150719214016
Watts 483 20150719214027
Watts 451 20150719214428
Watts 483 20150719214439
Watts 451 20150719214852
Watts 483 20150719214916
Watts 467 20150719214927
Watts 483 20150719215128
Watts 435 20150719215151
Watts 483 20150719215203
Watts 467 20150719215428
Watts 531 20150719215716
Watts 580 20150719215816
Watts 531 20150719215928
Watts 596 20150719220140
Watts 580 20150719220228
Watts 515 20150719220640
Watts 531 20150719220651
Watts 580 20150719220703
Watts 596 20150719220715
Watts 580 20150719220928
Watts 596 20150719221128
Watts 580 20150719221528
Watts 596 20150719221552
Watts 580 20150719221603
Watts 596 20150719221839
Watts 580 20150719221851
Watts 531 20150719222028
Watts 580 20150719222039
Watts 596 20150719222128
Watts 515 20150719222228
Watts 580 20150719222240
Watts 596 20150719222428
Watts 580 20150719222528
Watts 531 20150719222551
Watts 580 20150719222603
Watts 548 20150719222839
Watts 580 20150719222851
Watts 548 20150719223003
Watts 580 20150719223015
Watts 548 20150719223252
Watts 580 20150719223303
Watts 531 20150719223315
Watts 580 20150719223327
Watts 531 20150719223351
Watts 580 20150719223403
Watts 660 20150719223640
Watts 580 20150719223739
Watts 548 20150719223751
Watts 531 20150719223803
Watts 451 20150719223815
Watts 483 20150719223827
Watts 451 20150719223839
Watts 467 20150719223851
Watts 499 20150719223903
Watts 483 20150719224229
Watts 499 20150719224428
Watts 451 20150719224451
Watts 435 20150719224528
Watts 451 20150719224628
Watts 435 20150719230028
Watts 499 20150719230204
Watts 580 20150719230840
Watts 499 20150719230928
Watts 483 20150719230939
Watts 499 20150719231128
Watts 483 20150719231227
Watts 499 20150719231328
Watts 483 20150719231828
Watts 580 20150719232016
Watts 499 20150719232052
Watts 467 20150719232228
Watts 499 20150719232239
Watts 483 20150719232251
Watts 499 20150719232328
Watts 483 20150719232428
Watts 499 20150719232528
Watts 483 20150719232628
Watts 499 20150719232728
Watts 483 20150719233228
Watts 499 20150719233327
Watts 451 20150719233552
Watts 419 20150719233628
Watts 403 20150719233639
Watts 451 20150719233651
Watts 435 20150719233728
Watts 403 20150719233752
Watts 644 20150719233803
Watts 628 20150719233814
Watts 612 20150719233827
Watts 531 20150719233903
Watts 515 20150719233928
Watts 467 20150719234304
Watts 483 20150719234428
Watts 467 20150719234528
